{"/Users/jing/Documents/CodesmithGithub/InSightECR/server/src/index.ts": {"path":"/Users/jing/Documents/CodesmithGithub/InSightECR/server/src/index.ts","statementMap":{"0":{"start":{"line":1,"column":0},"end":{"line":1,"column":76}},"1":{"start":{"line":3,"column":0},"end":{"line":3,"column":24}},"2":{"start":{"line":4,"column":0},"end":{"line":4,"column":28}},"3":{"start":{"line":5,"column":0},"end":{"line":5,"column":55}},"4":{"start":{"line":6,"column":0},"end":{"line":6,"column":43}},"5":{"start":{"line":7,"column":0},"end":{"line":7,"column":53}},"6":{"start":{"line":8,"column":0},"end":{"line":8,"column":38}},"7":{"start":{"line":11,"column":0},"end":{"line":11,"column":16}},"8":{"start":{"line":13,"column":21},"end":{"line":13,"column":30}},"9":{"start":{"line":14,"column":0},"end":{"line":14,"column":24}},"10":{"start":{"line":16,"column":0},"end":{"line":16,"column":16}},"11":{"start":{"line":20,"column":0},"end":{"line":25,"column":6}},"12":{"start":{"line":29,"column":0},"end":{"line":31,"column":3}},"13":{"start":{"line":30,"column":2},"end":{"line":30,"column":47}},"14":{"start":{"line":34,"column":0},"end":{"line":34,"column":43}},"15":{"start":{"line":37,"column":0},"end":{"line":37,"column":33}},"16":{"start":{"line":41,"column":0},"end":{"line":41,"column":39}},"17":{"start":{"line":50,"column":0},"end":{"line":61,"column":2}},"18":{"start":{"line":52,"column":37},"end":{"line":56,"column":6}},"19":{"start":{"line":57,"column":16},"end":{"line":57,"column":44}},"20":{"start":{"line":58,"column":4},"end":{"line":58,"column":28}},"21":{"start":{"line":59,"column":4},"end":{"line":59,"column":65}},"22":{"start":{"line":64,"column":0},"end":{"line":66,"column":3}},"23":{"start":{"line":65,"column":2},"end":{"line":65,"column":22}},"24":{"start":{"line":69,"column":13},"end":{"line":69,"column":37}},"25":{"start":{"line":70,"column":0},"end":{"line":72,"column":3}},"26":{"start":{"line":71,"column":2},"end":{"line":71,"column":74}}},"fnMap":{"0":{"name":"(anonymous_1)","decl":{"start":{"line":29,"column":13},"end":{"line":29,"column":14}},"loc":{"start":{"line":29,"column":45},"end":{"line":31,"column":1}}},"1":{"name":"(anonymous_2)","decl":{"start":{"line":51,"column":2},"end":{"line":51,"column":3}},"loc":{"start":{"line":51,"column":73},"end":{"line":60,"column":3}}},"2":{"name":"(anonymous_3)","decl":{"start":{"line":64,"column":8},"end":{"line":64,"column":9}},"loc":{"start":{"line":64,"column":60},"end":{"line":66,"column":1}}},"3":{"name":"(anonymous_4)","decl":{"start":{"line":70,"column":17},"end":{"line":70,"column":20}},"loc":{"start":{"line":70,"column":22},"end":{"line":72,"column":1}}}},"branchMap":{"0":{"loc":{"start":{"line":21,"column":12},"end":{"line":21,"column":58}},"type":"binary-expr","locations":[{"start":{"line":21,"column":12},"end":{"line":21,"column":38}},{"start":{"line":21,"column":42},"end":{"line":21,"column":58}}]},"1":{"loc":{"start":{"line":59,"column":22},"end":{"line":59,"column":42}},"type":"binary-expr","locations":[{"start":{"line":59,"column":22},"end":{"line":59,"column":35}},{"start":{"line":59,"column":39},"end":{"line":59,"column":42}}]},"2":{"loc":{"start":{"line":69,"column":13},"end":{"line":69,"column":37}},"type":"binary-expr","locations":[{"start":{"line":69,"column":13},"end":{"line":69,"column":29}},{"start":{"line":69,"column":33},"end":{"line":69,"column":37}}]}},"s":{"0":1,"1":1,"2":1,"3":1,"4":1,"5":1,"6":1,"7":1,"8":1,"9":1,"10":1,"11":1,"12":1,"13":0,"14":1,"15":1,"16":1,"17":1,"18":0,"19":0,"20":0,"21":0,"22":1,"23":0,"24":1,"25":1,"26":0},"f":{"0":0,"1":0,"2":0,"3":0},"b":{"0":[1,1],"1":[0,0],"2":[1,1]}}
,"/Users/jing/Documents/CodesmithGithub/InSightECR/server/src/controllers/dataBaseController.ts": {"path":"/Users/jing/Documents/CodesmithGithub/InSightECR/server/src/controllers/dataBaseController.ts","statementMap":{"0":{"start":{"line":2,"column":0},"end":{"line":2,"column":79}},"1":{"start":{"line":3,"column":0},"end":{"line":3,"column":null}},"2":{"start":{"line":9,"column":0},"end":{"line":9,"column":46}},"3":{"start":{"line":11,"column":27},"end":{"line":269,"column":2}},"4":{"start":{"line":16,"column":6},"end":{"line":88,"column":null}},"5":{"start":{"line":17,"column":4},"end":{"line":20,"column":6}},"6":{"start":{"line":22,"column":4},"end":{"line":24,"column":5}},"7":{"start":{"line":23,"column":6},"end":{"line":23,"column":80}},"8":{"start":{"line":26,"column":22},"end":{"line":26,"column":51}},"9":{"start":{"line":28,"column":43},"end":{"line":46,"column":6}},"10":{"start":{"line":48,"column":4},"end":{"line":68,"column":5}},"11":{"start":{"line":50,"column":35},"end":{"line":52,"column":8}},"12":{"start":{"line":53,"column":6},"end":{"line":53,"column":52}},"13":{"start":{"line":54,"column":6},"end":{"line":54,"column":69}},"14":{"start":{"line":56,"column":6},"end":{"line":67,"column":7}},"15":{"start":{"line":58,"column":8},"end":{"line":58,"column":69}},"16":{"start":{"line":59,"column":35},"end":{"line":59,"column":64}},"17":{"start":{"line":60,"column":36},"end":{"line":60,"column":79}},"18":{"start":{"line":63,"column":8},"end":{"line":63,"column":64}},"19":{"start":{"line":64,"column":8},"end":{"line":66,"column":62}},"20":{"start":{"line":70,"column":4},"end":{"line":87,"column":5}},"21":{"start":{"line":71,"column":21},"end":{"line":71,"column":52}},"22":{"start":{"line":72,"column":6},"end":{"line":78,"column":7}},"23":{"start":{"line":73,"column":26},"end":{"line":76,"column":10}},"24":{"start":{"line":77,"column":8},"end":{"line":77,"column":59}},"25":{"start":{"line":80,"column":6},"end":{"line":82,"column":69}},"26":{"start":{"line":84,"column":6},"end":{"line":84,"column":52}},"27":{"start":{"line":86,"column":6},"end":{"line":86,"column":64}},"28":{"start":{"line":94,"column":6},"end":{"line":109,"column":null}},"29":{"start":{"line":95,"column":4},"end":{"line":108,"column":5}},"30":{"start":{"line":96,"column":24},"end":{"line":96,"column":53}},"31":{"start":{"line":97,"column":21},"end":{"line":99,"column":8}},"32":{"start":{"line":100,"column":22},"end":{"line":100,"column":45}},"33":{"start":{"line":101,"column":19},"end":{"line":101,"column":51}},"34":{"start":{"line":102,"column":6},"end":{"line":102,"column":44}},"35":{"start":{"line":103,"column":6},"end":{"line":103,"column":13}},"36":{"start":{"line":105,"column":6},"end":{"line":105,"column":25}},"37":{"start":{"line":107,"column":6},"end":{"line":107,"column":71}},"38":{"start":{"line":115,"column":6},"end":{"line":239,"column":null}},"39":{"start":{"line":116,"column":24},"end":{"line":116,"column":51}},"40":{"start":{"line":117,"column":22},"end":{"line":117,"column":51}},"41":{"start":{"line":120,"column":43},"end":{"line":146,"column":6}},"42":{"start":{"line":149,"column":4},"end":{"line":166,"column":5}},"43":{"start":{"line":150,"column":35},"end":{"line":152,"column":8}},"44":{"start":{"line":153,"column":6},"end":{"line":153,"column":52}},"45":{"start":{"line":154,"column":6},"end":{"line":154,"column":74}},"46":{"start":{"line":156,"column":6},"end":{"line":165,"column":7}},"47":{"start":{"line":157,"column":8},"end":{"line":157,"column":80}},"48":{"start":{"line":158,"column":35},"end":{"line":158,"column":64}},"49":{"start":{"line":159,"column":36},"end":{"line":159,"column":79}},"50":{"start":{"line":161,"column":8},"end":{"line":161,"column":64}},"51":{"start":{"line":162,"column":8},"end":{"line":164,"column":62}},"52":{"start":{"line":169,"column":4},"end":{"line":238,"column":5}},"53":{"start":{"line":176,"column":10},"end":{"line":176,"column":21}},"54":{"start":{"line":177,"column":19},"end":{"line":192,"column":8}},"55":{"start":{"line":195,"column":27},"end":{"line":221,"column":8}},"56":{"start":{"line":223,"column":22},"end":{"line":223,"column":53}},"57":{"start":{"line":224,"column":29},"end":{"line":224,"column":61}},"58":{"start":{"line":227,"column":6},"end":{"line":232,"column":11}},"59":{"start":{"line":233,"column":6},"end":{"line":233,"column":65}},"60":{"start":{"line":236,"column":6},"end":{"line":236,"column":57}},"61":{"start":{"line":237,"column":6},"end":{"line":237,"column":69}},"62":{"start":{"line":245,"column":6},"end":{"line":268,"column":null}},"63":{"start":{"line":246,"column":4},"end":{"line":267,"column":5}},"64":{"start":{"line":247,"column":24},"end":{"line":247,"column":53}},"65":{"start":{"line":248,"column":21},"end":{"line":250,"column":8}},"66":{"start":{"line":251,"column":22},"end":{"line":251,"column":45}},"67":{"start":{"line":252,"column":19},"end":{"line":252,"column":51}},"68":{"start":{"line":253,"column":6},"end":{"line":253,"column":47}},"69":{"start":{"line":257,"column":8},"end":{"line":259,"column":47}},"70":{"start":{"line":260,"column":6},"end":{"line":260,"column":27}},"71":{"start":{"line":261,"column":6},"end":{"line":261,"column":13}},"72":{"start":{"line":263,"column":6},"end":{"line":263,"column":25}},"73":{"start":{"line":264,"column":6},"end":{"line":266,"column":74}},"74":{"start":{"line":271,"column":0},"end":{"line":271,"column":34}}},"fnMap":{"0":{"name":"(anonymous_8)","decl":{"start":{"line":12,"column":21},"end":{"line":12,"column":null}},"loc":{"start":{"line":16,"column":6},"end":{"line":88,"column":null}}},"1":{"name":"(anonymous_9)","decl":{"start":{"line":16,"column":6},"end":{"line":16,"column":null}},"loc":{"start":{"line":16,"column":6},"end":{"line":88,"column":3}}},"2":{"name":"(anonymous_10)","decl":{"start":{"line":90,"column":26},"end":{"line":90,"column":null}},"loc":{"start":{"line":94,"column":6},"end":{"line":109,"column":null}}},"3":{"name":"(anonymous_11)","decl":{"start":{"line":94,"column":6},"end":{"line":94,"column":null}},"loc":{"start":{"line":94,"column":6},"end":{"line":109,"column":3}}},"4":{"name":"(anonymous_12)","decl":{"start":{"line":111,"column":23},"end":{"line":111,"column":null}},"loc":{"start":{"line":115,"column":6},"end":{"line":239,"column":null}}},"5":{"name":"(anonymous_13)","decl":{"start":{"line":115,"column":6},"end":{"line":115,"column":null}},"loc":{"start":{"line":115,"column":6},"end":{"line":239,"column":3}}},"6":{"name":"(anonymous_14)","decl":{"start":{"line":241,"column":31},"end":{"line":241,"column":null}},"loc":{"start":{"line":245,"column":6},"end":{"line":268,"column":null}}},"7":{"name":"(anonymous_15)","decl":{"start":{"line":245,"column":6},"end":{"line":245,"column":null}},"loc":{"start":{"line":245,"column":6},"end":{"line":268,"column":3}}}},"branchMap":{"0":{"loc":{"start":{"line":22,"column":4},"end":{"line":24,"column":5}},"type":"if","locations":[{"start":{"line":22,"column":4},"end":{"line":24,"column":5}}]},"1":{"loc":{"start":{"line":22,"column":8},"end":{"line":22,"column":63}},"type":"binary-expr","locations":[{"start":{"line":22,"column":8},"end":{"line":22,"column":27}},{"start":{"line":22,"column":31},"end":{"line":22,"column":63}}]},"2":{"loc":{"start":{"line":56,"column":6},"end":{"line":67,"column":7}},"type":"if","locations":[{"start":{"line":56,"column":6},"end":{"line":67,"column":7}},{"start":{"line":61,"column":13},"end":{"line":67,"column":7}}]},"3":{"loc":{"start":{"line":156,"column":6},"end":{"line":165,"column":7}},"type":"if","locations":[{"start":{"line":156,"column":6},"end":{"line":165,"column":7}},{"start":{"line":160,"column":13},"end":{"line":165,"column":7}}]},"4":{"loc":{"start":{"line":257,"column":8},"end":{"line":259,"column":47}},"type":"cond-expr","locations":[{"start":{"line":258,"column":12},"end":{"line":258,"column":56}},{"start":{"line":259,"column":12},"end":{"line":259,"column":47}}]}},"s":{"0":1,"1":1,"2":1,"3":1,"4":0,"5":0,"6":0,"7":0,"8":0,"9":0,"10":0,"11":0,"12":0,"13":0,"14":0,"15":0,"16":0,"17":0,"18":0,"19":0,"20":0,"21":0,"22":0,"23":0,"24":0,"25":0,"26":0,"27":0,"28":0,"29":0,"30":0,"31":0,"32":0,"33":0,"34":0,"35":0,"36":0,"37":0,"38":0,"39":0,"40":0,"41":0,"42":0,"43":0,"44":0,"45":0,"46":0,"47":0,"48":0,"49":0,"50":0,"51":0,"52":0,"53":0,"54":0,"55":0,"56":0,"57":0,"58":0,"59":0,"60":0,"61":0,"62":0,"63":0,"64":0,"65":0,"66":0,"67":0,"68":0,"69":0,"70":0,"71":0,"72":0,"73":0,"74":1},"f":{"0":0,"1":0,"2":0,"3":0,"4":0,"5":0,"6":0,"7":0},"b":{"0":[0],"1":[0,0],"2":[0,0],"3":[0,0],"4":[0,0]}}
,"/Users/jing/Documents/CodesmithGithub/InSightECR/server/src/controllers/dataHandlingController.ts": {"path":"/Users/jing/Documents/CodesmithGithub/InSightECR/server/src/controllers/dataHandlingController.ts","statementMap":{"0":{"start":{"line":3,"column":31},"end":{"line":61,"column":2}},"1":{"start":{"line":8,"column":6},"end":{"line":60,"column":null}},"2":{"start":{"line":17,"column":43},"end":{"line":23,"column":6}},"3":{"start":{"line":25,"column":30},"end":{"line":25,"column":31}},"4":{"start":{"line":26,"column":38},"end":{"line":26,"column":39}},"5":{"start":{"line":27,"column":4},"end":{"line":59,"column":5}},"6":{"start":{"line":29,"column":26},"end":{"line":29,"column":48}},"7":{"start":{"line":31,"column":6},"end":{"line":45,"column":7}},"8":{"start":{"line":32,"column":8},"end":{"line":32,"column":null}},"9":{"start":{"line":32,"column":61},"end":{"line":32,"column":null}},"10":{"start":{"line":35,"column":10},"end":{"line":35,"column":66}},"11":{"start":{"line":37,"column":8},"end":{"line":37,"column":null}},"12":{"start":{"line":37,"column":74},"end":{"line":37,"column":null}},"13":{"start":{"line":39,"column":8},"end":{"line":39,"column":71}},"14":{"start":{"line":40,"column":8},"end":{"line":40,"column":63}},"15":{"start":{"line":41,"column":8},"end":{"line":41,"column":67}},"16":{"start":{"line":42,"column":8},"end":{"line":42,"column":61}},"17":{"start":{"line":43,"column":8},"end":{"line":44,"column":51}},"18":{"start":{"line":46,"column":22},"end":{"line":50,"column":null}},"19":{"start":{"line":51,"column":6},"end":{"line":51,"column":35}},"20":{"start":{"line":52,"column":6},"end":{"line":52,"column":20}},"21":{"start":{"line":54,"column":6},"end":{"line":58,"column":9}},"22":{"start":{"line":63,"column":0},"end":{"line":63,"column":38}}},"fnMap":{"0":{"name":"(anonymous_7)","decl":{"start":{"line":4,"column":24},"end":{"line":4,"column":null}},"loc":{"start":{"line":8,"column":6},"end":{"line":60,"column":null}}},"1":{"name":"(anonymous_8)","decl":{"start":{"line":8,"column":6},"end":{"line":8,"column":null}},"loc":{"start":{"line":8,"column":6},"end":{"line":60,"column":3}}}},"branchMap":{"0":{"loc":{"start":{"line":32,"column":8},"end":{"line":32,"column":null}},"type":"if","locations":[{"start":{"line":32,"column":8},"end":{"line":32,"column":null}}]},"1":{"loc":{"start":{"line":35,"column":10},"end":{"line":35,"column":66}},"type":"binary-expr","locations":[{"start":{"line":35,"column":10},"end":{"line":35,"column":60}},{"start":{"line":35,"column":64},"end":{"line":35,"column":66}}]},"2":{"loc":{"start":{"line":37,"column":8},"end":{"line":37,"column":null}},"type":"if","locations":[{"start":{"line":37,"column":8},"end":{"line":37,"column":null}}]},"3":{"loc":{"start":{"line":37,"column":12},"end":{"line":37,"column":72}},"type":"binary-expr","locations":[{"start":{"line":37,"column":12},"end":{"line":37,"column":42}},{"start":{"line":37,"column":46},"end":{"line":37,"column":72}}]},"4":{"loc":{"start":{"line":39,"column":35},"end":{"line":39,"column":70}},"type":"binary-expr","locations":[{"start":{"line":39,"column":35},"end":{"line":39,"column":65}},{"start":{"line":39,"column":69},"end":{"line":39,"column":70}}]},"5":{"loc":{"start":{"line":40,"column":31},"end":{"line":40,"column":62}},"type":"binary-expr","locations":[{"start":{"line":40,"column":31},"end":{"line":40,"column":57}},{"start":{"line":40,"column":61},"end":{"line":40,"column":62}}]},"6":{"loc":{"start":{"line":41,"column":33},"end":{"line":41,"column":66}},"type":"binary-expr","locations":[{"start":{"line":41,"column":33},"end":{"line":41,"column":61}},{"start":{"line":41,"column":65},"end":{"line":41,"column":66}}]},"7":{"loc":{"start":{"line":42,"column":30},"end":{"line":42,"column":60}},"type":"binary-expr","locations":[{"start":{"line":42,"column":30},"end":{"line":42,"column":55}},{"start":{"line":42,"column":59},"end":{"line":42,"column":60}}]},"8":{"loc":{"start":{"line":44,"column":10},"end":{"line":44,"column":50}},"type":"binary-expr","locations":[{"start":{"line":44,"column":10},"end":{"line":44,"column":45}},{"start":{"line":44,"column":49},"end":{"line":44,"column":50}}]}},"s":{"0":1,"1":0,"2":0,"3":0,"4":0,"5":0,"6":0,"7":0,"8":0,"9":0,"10":0,"11":0,"12":0,"13":0,"14":0,"15":0,"16":0,"17":0,"18":0,"19":0,"20":0,"21":0,"22":1},"f":{"0":0,"1":0},"b":{"0":[0],"1":[0,0],"2":[0],"3":[0,0],"4":[0,0],"5":[0,0],"6":[0,0],"7":[0,0],"8":[0,0]}}
,"/Users/jing/Documents/CodesmithGithub/InSightECR/server/src/controllers/imagesController.ts": {"path":"/Users/jing/Documents/CodesmithGithub/InSightECR/server/src/controllers/imagesController.ts","statementMap":{"0":{"start":{"line":2,"column":0},"end":{"line":2,"column":null}},"1":{"start":{"line":6,"column":0},"end":{"line":6,"column":45}},"2":{"start":{"line":8,"column":25},"end":{"line":34,"column":2}},"3":{"start":{"line":9,"column":71},"end":{"line":33,"column":null}},"4":{"start":{"line":10,"column":36},"end":{"line":10,"column":46}},"5":{"start":{"line":12,"column":4},"end":{"line":32,"column":5}},"6":{"start":{"line":13,"column":24},"end":{"line":13,"column":58}},"7":{"start":{"line":15,"column":48},"end":{"line":17,"column":8}},"8":{"start":{"line":18,"column":22},"end":{"line":18,"column":54}},"9":{"start":{"line":19,"column":19},"end":{"line":19,"column":48}},"10":{"start":{"line":22,"column":27},"end":{"line":22,"column":50}},"11":{"start":{"line":26,"column":6},"end":{"line":26,"column":44}},"12":{"start":{"line":27,"column":6},"end":{"line":27,"column":43}},"13":{"start":{"line":28,"column":6},"end":{"line":28,"column":20}},"14":{"start":{"line":30,"column":6},"end":{"line":30,"column":25}},"15":{"start":{"line":31,"column":6},"end":{"line":31,"column":80}},"16":{"start":{"line":36,"column":0},"end":{"line":36,"column":32}}},"fnMap":{"0":{"name":"(anonymous_8)","decl":{"start":{"line":9,"column":13},"end":{"line":9,"column":20}},"loc":{"start":{"line":9,"column":71},"end":{"line":33,"column":null}}},"1":{"name":"(anonymous_9)","decl":{"start":{"line":9,"column":71},"end":{"line":9,"column":null}},"loc":{"start":{"line":9,"column":71},"end":{"line":33,"column":3}}}},"branchMap":{"0":{"loc":{"start":{"line":22,"column":27},"end":{"line":22,"column":50}},"type":"binary-expr","locations":[{"start":{"line":22,"column":27},"end":{"line":22,"column":44}},{"start":{"line":22,"column":48},"end":{"line":22,"column":50}}]}},"s":{"0":1,"1":1,"2":1,"3":0,"4":0,"5":0,"6":0,"7":0,"8":0,"9":0,"10":0,"11":0,"12":0,"13":0,"14":0,"15":0,"16":1},"f":{"0":0,"1":0},"b":{"0":[0,0]}}
,"/Users/jing/Documents/CodesmithGithub/InSightECR/server/src/controllers/repositoriesController.ts": {"path":"/Users/jing/Documents/CodesmithGithub/InSightECR/server/src/controllers/repositoriesController.ts","statementMap":{"0":{"start":{"line":2,"column":0},"end":{"line":2,"column":null}},"1":{"start":{"line":7,"column":0},"end":{"line":7,"column":45}},"2":{"start":{"line":9,"column":31},"end":{"line":84,"column":2}},"3":{"start":{"line":14,"column":6},"end":{"line":34,"column":null}},"4":{"start":{"line":15,"column":26},"end":{"line":15,"column":36}},"5":{"start":{"line":18,"column":4},"end":{"line":33,"column":5}},"6":{"start":{"line":19,"column":24},"end":{"line":19,"column":58}},"7":{"start":{"line":20,"column":54},"end":{"line":20,"column":56}},"8":{"start":{"line":21,"column":22},"end":{"line":21,"column":60}},"9":{"start":{"line":23,"column":19},"end":{"line":23,"column":48}},"10":{"start":{"line":25,"column":6},"end":{"line":25,"column":37}},"11":{"start":{"line":26,"column":6},"end":{"line":26,"column":20}},"12":{"start":{"line":28,"column":6},"end":{"line":32,"column":9}},"13":{"start":{"line":40,"column":6},"end":{"line":60,"column":null}},"14":{"start":{"line":41,"column":36},"end":{"line":41,"column":46}},"15":{"start":{"line":43,"column":22},"end":{"line":43,"column":56}},"16":{"start":{"line":44,"column":52},"end":{"line":46,"column":6}},"17":{"start":{"line":47,"column":20},"end":{"line":47,"column":58}},"18":{"start":{"line":49,"column":4},"end":{"line":59,"column":5}},"19":{"start":{"line":50,"column":19},"end":{"line":50,"column":48}},"20":{"start":{"line":51,"column":6},"end":{"line":51,"column":35}},"21":{"start":{"line":52,"column":6},"end":{"line":52,"column":20}},"22":{"start":{"line":54,"column":6},"end":{"line":58,"column":9}},"23":{"start":{"line":62,"column":78},"end":{"line":83,"column":null}},"24":{"start":{"line":63,"column":36},"end":{"line":63,"column":46}},"25":{"start":{"line":64,"column":27},"end":{"line":64,"column":35}},"26":{"start":{"line":65,"column":22},"end":{"line":65,"column":56}},"27":{"start":{"line":67,"column":20},"end":{"line":70,"column":6}},"28":{"start":{"line":72,"column":4},"end":{"line":82,"column":5}},"29":{"start":{"line":73,"column":6},"end":{"line":73,"column":36}},"30":{"start":{"line":74,"column":6},"end":{"line":74,"column":41}},"31":{"start":{"line":75,"column":6},"end":{"line":75,"column":20}},"32":{"start":{"line":77,"column":6},"end":{"line":81,"column":9}},"33":{"start":{"line":86,"column":0},"end":{"line":86,"column":38}}},"fnMap":{"0":{"name":"(anonymous_8)","decl":{"start":{"line":10,"column":22},"end":{"line":10,"column":null}},"loc":{"start":{"line":14,"column":6},"end":{"line":34,"column":null}}},"1":{"name":"(anonymous_9)","decl":{"start":{"line":14,"column":6},"end":{"line":14,"column":null}},"loc":{"start":{"line":14,"column":6},"end":{"line":34,"column":3}}},"2":{"name":"(anonymous_10)","decl":{"start":{"line":36,"column":21},"end":{"line":36,"column":null}},"loc":{"start":{"line":40,"column":6},"end":{"line":60,"column":null}}},"3":{"name":"(anonymous_11)","decl":{"start":{"line":40,"column":6},"end":{"line":40,"column":null}},"loc":{"start":{"line":40,"column":6},"end":{"line":60,"column":3}}},"4":{"name":"(anonymous_12)","decl":{"start":{"line":62,"column":20},"end":{"line":62,"column":27}},"loc":{"start":{"line":62,"column":78},"end":{"line":83,"column":null}}},"5":{"name":"(anonymous_13)","decl":{"start":{"line":62,"column":78},"end":{"line":62,"column":null}},"loc":{"start":{"line":62,"column":78},"end":{"line":83,"column":3}}}},"branchMap":{},"s":{"0":1,"1":1,"2":1,"3":0,"4":0,"5":0,"6":0,"7":0,"8":0,"9":0,"10":0,"11":0,"12":0,"13":0,"14":0,"15":0,"16":0,"17":0,"18":0,"19":0,"20":0,"21":0,"22":0,"23":0,"24":0,"25":0,"26":0,"27":0,"28":0,"29":0,"30":0,"31":0,"32":0,"33":1},"f":{"0":0,"1":0,"2":0,"3":0,"4":0,"5":0},"b":{}}
,"/Users/jing/Documents/CodesmithGithub/InSightECR/server/src/controllers/scanResultsController.ts": {"path":"/Users/jing/Documents/CodesmithGithub/InSightECR/server/src/controllers/scanResultsController.ts","statementMap":{"0":{"start":{"line":2,"column":0},"end":{"line":2,"column":null}},"1":{"start":{"line":8,"column":0},"end":{"line":8,"column":45}},"2":{"start":{"line":10,"column":30},"end":{"line":109,"column":2}},"3":{"start":{"line":15,"column":6},"end":{"line":39,"column":null}},"4":{"start":{"line":16,"column":46},"end":{"line":16,"column":56}},"5":{"start":{"line":18,"column":4},"end":{"line":38,"column":5}},"6":{"start":{"line":19,"column":24},"end":{"line":19,"column":58}},"7":{"start":{"line":20,"column":59},"end":{"line":26,"column":8}},"8":{"start":{"line":27,"column":22},"end":{"line":27,"column":65}},"9":{"start":{"line":29,"column":19},"end":{"line":29,"column":48}},"10":{"start":{"line":30,"column":6},"end":{"line":30,"column":41}},"11":{"start":{"line":31,"column":6},"end":{"line":31,"column":20}},"12":{"start":{"line":33,"column":6},"end":{"line":37,"column":9}},"13":{"start":{"line":45,"column":6},"end":{"line":108,"column":null}},"14":{"start":{"line":46,"column":36},"end":{"line":46,"column":46}},"15":{"start":{"line":48,"column":4},"end":{"line":107,"column":5}},"16":{"start":{"line":49,"column":24},"end":{"line":49,"column":58}},"17":{"start":{"line":52,"column":54},"end":{"line":54,"column":8}},"18":{"start":{"line":55,"column":32},"end":{"line":55,"column":70}},"19":{"start":{"line":56,"column":33},"end":{"line":56,"column":72}},"20":{"start":{"line":58,"column":6},"end":{"line":66,"column":7}},"21":{"start":{"line":62,"column":8},"end":{"line":65,"column":11}},"22":{"start":{"line":69,"column":26},"end":{"line":69,"column":28}},"23":{"start":{"line":70,"column":6},"end":{"line":94,"column":7}},"24":{"start":{"line":71,"column":61},"end":{"line":74,"column":10}},"25":{"start":{"line":75,"column":24},"end":{"line":75,"column":67}},"26":{"start":{"line":77,"column":8},"end":{"line":93,"column":9}},"27":{"start":{"line":78,"column":23},"end":{"line":78,"column":52}},"28":{"start":{"line":79,"column":10},"end":{"line":79,"column":61}},"29":{"start":{"line":79,"column":38},"end":{"line":79,"column":61}},"30":{"start":{"line":81,"column":10},"end":{"line":92,"column":11}},"31":{"start":{"line":83,"column":12},"end":{"line":87,"column":14}},"32":{"start":{"line":90,"column":12},"end":{"line":90,"column":115}},"33":{"start":{"line":91,"column":12},"end":{"line":91,"column":82}},"34":{"start":{"line":98,"column":6},"end":{"line":98,"column":43}},"35":{"start":{"line":100,"column":6},"end":{"line":100,"column":20}},"36":{"start":{"line":102,"column":6},"end":{"line":106,"column":9}},"37":{"start":{"line":111,"column":0},"end":{"line":111,"column":37}}},"fnMap":{"0":{"name":"(anonymous_8)","decl":{"start":{"line":11,"column":23},"end":{"line":11,"column":null}},"loc":{"start":{"line":15,"column":6},"end":{"line":39,"column":null}}},"1":{"name":"(anonymous_9)","decl":{"start":{"line":15,"column":6},"end":{"line":15,"column":null}},"loc":{"start":{"line":15,"column":6},"end":{"line":39,"column":3}}},"2":{"name":"(anonymous_10)","decl":{"start":{"line":41,"column":28},"end":{"line":41,"column":null}},"loc":{"start":{"line":45,"column":6},"end":{"line":108,"column":null}}},"3":{"name":"(anonymous_11)","decl":{"start":{"line":45,"column":6},"end":{"line":45,"column":null}},"loc":{"start":{"line":45,"column":6},"end":{"line":108,"column":3}}}},"branchMap":{"0":{"loc":{"start":{"line":58,"column":6},"end":{"line":66,"column":7}},"type":"if","locations":[{"start":{"line":58,"column":6},"end":{"line":66,"column":7}}]},"1":{"loc":{"start":{"line":59,"column":8},"end":{"line":60,"column":48}},"type":"binary-expr","locations":[{"start":{"line":59,"column":8},"end":{"line":59,"column":36}},{"start":{"line":60,"column":8},"end":{"line":60,"column":48}}]},"2":{"loc":{"start":{"line":79,"column":10},"end":{"line":79,"column":61}},"type":"if","locations":[{"start":{"line":79,"column":10},"end":{"line":79,"column":61}}]},"3":{"loc":{"start":{"line":81,"column":10},"end":{"line":92,"column":11}},"type":"if","locations":[{"start":{"line":81,"column":10},"end":{"line":92,"column":11}},{"start":{"line":88,"column":17},"end":{"line":92,"column":11}}]},"4":{"loc":{"start":{"line":85,"column":16},"end":{"line":85,"column":null}},"type":"binary-expr","locations":[{"start":{"line":85,"column":16},"end":{"line":85,"column":35}},{"start":{"line":85,"column":39},"end":{"line":85,"column":null}}]},"5":{"loc":{"start":{"line":90,"column":67},"end":{"line":90,"column":106}},"type":"binary-expr","locations":[{"start":{"line":90,"column":67},"end":{"line":90,"column":86}},{"start":{"line":90,"column":90},"end":{"line":90,"column":106}}]}},"s":{"0":1,"1":1,"2":1,"3":0,"4":0,"5":0,"6":0,"7":0,"8":0,"9":0,"10":0,"11":0,"12":0,"13":0,"14":0,"15":0,"16":0,"17":0,"18":0,"19":0,"20":0,"21":0,"22":0,"23":0,"24":0,"25":0,"26":0,"27":0,"28":0,"29":0,"30":0,"31":0,"32":0,"33":0,"34":0,"35":0,"36":0,"37":1},"f":{"0":0,"1":0,"2":0,"3":0},"b":{"0":[0],"1":[0,0],"2":[0],"3":[0,0],"4":[0,0],"5":[0,0]}}
,"/Users/jing/Documents/CodesmithGithub/InSightECR/server/src/models/dynamoDB.ts": {"path":"/Users/jing/Documents/CodesmithGithub/InSightECR/server/src/models/dynamoDB.ts","statementMap":{"0":{"start":{"line":1,"column":0},"end":{"line":1,"column":58}},"1":{"start":{"line":2,"column":0},"end":{"line":2,"column":62}},"2":{"start":{"line":5,"column":18},"end":{"line":8,"column":2}},"3":{"start":{"line":10,"column":21},"end":{"line":10,"column":59}},"4":{"start":{"line":12,"column":0},"end":{"line":12,"column":28}}},"fnMap":{},"branchMap":{},"s":{"0":1,"1":1,"2":1,"3":1,"4":1},"f":{},"b":{}}
,"/Users/jing/Documents/CodesmithGithub/InSightECR/server/src/routes/images.ts": {"path":"/Users/jing/Documents/CodesmithGithub/InSightECR/server/src/routes/images.ts","statementMap":{"0":{"start":{"line":1,"column":0},"end":{"line":1,"column":66}},"1":{"start":{"line":2,"column":0},"end":{"line":2,"column":63}},"2":{"start":{"line":3,"column":0},"end":{"line":3,"column":67}},"3":{"start":{"line":5,"column":21},"end":{"line":5,"column":29}},"4":{"start":{"line":8,"column":0},"end":{"line":14,"column":2}},"5":{"start":{"line":12,"column":4},"end":{"line":12,"column":44}},"6":{"start":{"line":17,"column":0},"end":{"line":23,"column":2}},"7":{"start":{"line":21,"column":4},"end":{"line":21,"column":68}},"8":{"start":{"line":26,"column":0},"end":{"line":32,"column":null}},"9":{"start":{"line":30,"column":8},"end":{"line":30,"column":55}},"10":{"start":{"line":36,"column":0},"end":{"line":42,"column":null}},"11":{"start":{"line":40,"column":8},"end":{"line":40,"column":null}},"12":{"start":{"line":44,"column":0},"end":{"line":44,"column":28}}},"fnMap":{"0":{"name":"(anonymous_1)","decl":{"start":{"line":11,"column":2},"end":{"line":11,"column":3}},"loc":{"start":{"line":11,"column":34},"end":{"line":13,"column":3}}},"1":{"name":"(anonymous_2)","decl":{"start":{"line":20,"column":2},"end":{"line":20,"column":3}},"loc":{"start":{"line":20,"column":34},"end":{"line":22,"column":3}}},"2":{"name":"(anonymous_3)","decl":{"start":{"line":29,"column":4},"end":{"line":29,"column":5}},"loc":{"start":{"line":29,"column":51},"end":{"line":31,"column":5}}},"3":{"name":"(anonymous_4)","decl":{"start":{"line":39,"column":4},"end":{"line":39,"column":5}},"loc":{"start":{"line":39,"column":51},"end":{"line":41,"column":5}}}},"branchMap":{},"s":{"0":1,"1":1,"2":1,"3":1,"4":1,"5":0,"6":1,"7":0,"8":1,"9":0,"10":1,"11":0,"12":1},"f":{"0":0,"1":0,"2":0,"3":0},"b":{}}
,"/Users/jing/Documents/CodesmithGithub/InSightECR/server/src/routes/repositories.ts": {"path":"/Users/jing/Documents/CodesmithGithub/InSightECR/server/src/routes/repositories.ts","statementMap":{"0":{"start":{"line":1,"column":0},"end":{"line":1,"column":52}},"1":{"start":{"line":2,"column":0},"end":{"line":2,"column":75}},"2":{"start":{"line":4,"column":27},"end":{"line":4,"column":35}},"3":{"start":{"line":7,"column":0},"end":{"line":13,"column":2}},"4":{"start":{"line":11,"column":4},"end":{"line":11,"column":48}},"5":{"start":{"line":16,"column":0},"end":{"line":22,"column":2}},"6":{"start":{"line":20,"column":4},"end":{"line":20,"column":50}},"7":{"start":{"line":25,"column":0},"end":{"line":31,"column":2}},"8":{"start":{"line":29,"column":4},"end":{"line":29,"column":64}},"9":{"start":{"line":33,"column":0},"end":{"line":33,"column":34}}},"fnMap":{"0":{"name":"(anonymous_1)","decl":{"start":{"line":10,"column":2},"end":{"line":10,"column":3}},"loc":{"start":{"line":10,"column":34},"end":{"line":12,"column":3}}},"1":{"name":"(anonymous_2)","decl":{"start":{"line":19,"column":2},"end":{"line":19,"column":3}},"loc":{"start":{"line":19,"column":34},"end":{"line":21,"column":3}}},"2":{"name":"(anonymous_3)","decl":{"start":{"line":28,"column":2},"end":{"line":28,"column":3}},"loc":{"start":{"line":28,"column":34},"end":{"line":30,"column":3}}}},"branchMap":{},"s":{"0":1,"1":1,"2":1,"3":1,"4":0,"5":1,"6":0,"7":1,"8":0,"9":1},"f":{"0":0,"1":0,"2":0},"b":{}}
,"/Users/jing/Documents/CodesmithGithub/InSightECR/server/src/routes/scanResults.ts": {"path":"/Users/jing/Documents/CodesmithGithub/InSightECR/server/src/routes/scanResults.ts","statementMap":{"0":{"start":{"line":1,"column":0},"end":{"line":1,"column":52}},"1":{"start":{"line":2,"column":0},"end":{"line":2,"column":73}},"2":{"start":{"line":3,"column":0},"end":{"line":3,"column":75}},"3":{"start":{"line":4,"column":0},"end":{"line":4,"column":67}},"4":{"start":{"line":6,"column":26},"end":{"line":6,"column":34}},"5":{"start":{"line":9,"column":0},"end":{"line":16,"column":2}},"6":{"start":{"line":14,"column":4},"end":{"line":14,"column":54}},"7":{"start":{"line":19,"column":0},"end":{"line":26,"column":2}},"8":{"start":{"line":24,"column":4},"end":{"line":24,"column":45}},"9":{"start":{"line":28,"column":0},"end":{"line":28,"column":33}}},"fnMap":{"0":{"name":"(anonymous_1)","decl":{"start":{"line":13,"column":2},"end":{"line":13,"column":3}},"loc":{"start":{"line":13,"column":34},"end":{"line":15,"column":3}}},"1":{"name":"(anonymous_2)","decl":{"start":{"line":23,"column":2},"end":{"line":23,"column":3}},"loc":{"start":{"line":23,"column":34},"end":{"line":25,"column":3}}}},"branchMap":{},"s":{"0":1,"1":1,"2":1,"3":1,"4":1,"5":1,"6":0,"7":1,"8":0,"9":1},"f":{"0":0,"1":0},"b":{}}
,"/Users/jing/Documents/CodesmithGithub/InSightECR/server/src/utils/awsClients.ts": {"path":"/Users/jing/Documents/CodesmithGithub/InSightECR/server/src/utils/awsClients.ts","statementMap":{"0":{"start":{"line":1,"column":0},"end":{"line":1,"column":48}},"1":{"start":{"line":2,"column":0},"end":{"line":2,"column":48}},"2":{"start":{"line":4,"column":19},"end":{"line":40,"column":2}},"3":{"start":{"line":7,"column":19},"end":{"line":7,"column":57}},"4":{"start":{"line":8,"column":24},"end":{"line":8,"column":69}},"5":{"start":{"line":9,"column":28},"end":{"line":9,"column":77}},"6":{"start":{"line":11,"column":4},"end":{"line":13,"column":5}},"7":{"start":{"line":12,"column":6},"end":{"line":12,"column":77}},"8":{"start":{"line":15,"column":4},"end":{"line":21,"column":7}},"9":{"start":{"line":24,"column":19},"end":{"line":24,"column":57}},"10":{"start":{"line":25,"column":24},"end":{"line":25,"column":69}},"11":{"start":{"line":26,"column":28},"end":{"line":26,"column":77}},"12":{"start":{"line":28,"column":4},"end":{"line":30,"column":5}},"13":{"start":{"line":29,"column":6},"end":{"line":29,"column":77}},"14":{"start":{"line":32,"column":4},"end":{"line":38,"column":7}},"15":{"start":{"line":42,"column":0},"end":{"line":42,"column":26}}},"fnMap":{"0":{"name":"(anonymous_0)","decl":{"start":{"line":6,"column":16},"end":{"line":6,"column":17}},"loc":{"start":{"line":6,"column":38},"end":{"line":22,"column":3}}},"1":{"name":"(anonymous_1)","decl":{"start":{"line":23,"column":16},"end":{"line":23,"column":17}},"loc":{"start":{"line":23,"column":38},"end":{"line":39,"column":3}}}},"branchMap":{"0":{"loc":{"start":{"line":11,"column":4},"end":{"line":13,"column":5}},"type":"if","locations":[{"start":{"line":11,"column":4},"end":{"line":13,"column":5}}]},"1":{"loc":{"start":{"line":11,"column":8},"end":{"line":11,"column":51}},"type":"binary-expr","locations":[{"start":{"line":11,"column":8},"end":{"line":11,"column":15}},{"start":{"line":11,"column":19},"end":{"line":11,"column":31}},{"start":{"line":11,"column":35},"end":{"line":11,"column":51}}]},"2":{"loc":{"start":{"line":28,"column":4},"end":{"line":30,"column":5}},"type":"if","locations":[{"start":{"line":28,"column":4},"end":{"line":30,"column":5}}]},"3":{"loc":{"start":{"line":28,"column":8},"end":{"line":28,"column":51}},"type":"binary-expr","locations":[{"start":{"line":28,"column":8},"end":{"line":28,"column":15}},{"start":{"line":28,"column":19},"end":{"line":28,"column":31}},{"start":{"line":28,"column":35},"end":{"line":28,"column":51}}]}},"s":{"0":1,"1":1,"2":1,"3":0,"4":0,"5":0,"6":0,"7":0,"8":0,"9":0,"10":0,"11":0,"12":0,"13":0,"14":0,"15":1},"f":{"0":0,"1":0},"b":{"0":[0],"1":[0,0,0],"2":[0],"3":[0,0,0]}}
}
