TN:
SF:src/index.ts
FN:31,(anonymous_1)
FN:53,(anonymous_2)
FN:66,(anonymous_3)
FN:80,(anonymous_4)
FNF:4
FNH:1
FNDA:1,(anonymous_1)
FNDA:0,(anonymous_2)
FNDA:0,(anonymous_3)
FNDA:0,(anonymous_4)
DA:1,4
DA:3,4
DA:4,4
DA:5,4
DA:6,4
DA:7,4
DA:8,4
DA:13,4
DA:15,4
DA:16,4
DA:18,4
DA:22,4
DA:31,4
DA:32,1
DA:36,4
DA:39,4
DA:43,4
DA:52,4
DA:54,0
DA:59,0
DA:60,0
DA:61,0
DA:66,4
DA:67,0
DA:71,4
DA:79,4
DA:80,0
DA:81,0
DA:84,4
DA:87,4
LF:30
LH:23
BRDA:23,0,0,4
BRDA:23,0,1,4
BRDA:61,1,0,0
BRDA:61,1,1,0
BRDA:71,2,0,4
BRDA:71,2,1,4
BRDA:79,3,0,0
BRDA:79,3,1,4
BRF:8
BRH:5
end_of_record
TN:
SF:src/controllers/dataBaseController.ts
FN:12,(anonymous_8)
FN:16,(anonymous_9)
FN:90,(anonymous_10)
FN:94,(anonymous_11)
FN:111,(anonymous_12)
FN:115,(anonymous_13)
FN:241,(anonymous_14)
FN:245,(anonymous_15)
FNF:8
FNH:0
FNDA:0,(anonymous_8)
FNDA:0,(anonymous_9)
FNDA:0,(anonymous_10)
FNDA:0,(anonymous_11)
FNDA:0,(anonymous_12)
FNDA:0,(anonymous_13)
FNDA:0,(anonymous_14)
FNDA:0,(anonymous_15)
DA:2,4
DA:3,4
DA:9,4
DA:11,4
DA:16,0
DA:17,0
DA:22,0
DA:23,0
DA:26,0
DA:28,0
DA:48,0
DA:50,0
DA:53,0
DA:54,0
DA:56,0
DA:58,0
DA:59,0
DA:60,0
DA:63,0
DA:64,0
DA:70,0
DA:71,0
DA:72,0
DA:73,0
DA:77,0
DA:80,0
DA:84,0
DA:86,0
DA:94,0
DA:95,0
DA:96,0
DA:97,0
DA:100,0
DA:101,0
DA:102,0
DA:103,0
DA:105,0
DA:107,0
DA:115,0
DA:116,0
DA:117,0
DA:120,0
DA:149,0
DA:150,0
DA:153,0
DA:154,0
DA:156,0
DA:157,0
DA:158,0
DA:159,0
DA:161,0
DA:162,0
DA:169,0
DA:176,0
DA:177,0
DA:195,0
DA:223,0
DA:224,0
DA:227,0
DA:233,0
DA:236,0
DA:237,0
DA:245,0
DA:246,0
DA:247,0
DA:248,0
DA:251,0
DA:252,0
DA:253,0
DA:257,0
DA:260,0
DA:261,0
DA:263,0
DA:264,0
DA:271,4
LF:75
LH:5
BRDA:22,0,0,0
BRDA:22,1,0,0
BRDA:22,1,1,0
BRDA:56,2,0,0
BRDA:56,2,1,0
BRDA:156,3,0,0
BRDA:156,3,1,0
BRDA:257,4,0,0
BRDA:257,4,1,0
BRF:9
BRH:0
end_of_record
TN:
SF:src/controllers/dataHandlingController.ts
FN:4,(anonymous_7)
FN:8,(anonymous_8)
FNF:2
FNH:2
FNDA:1,(anonymous_7)
FNDA:1,(anonymous_8)
DA:3,4
DA:8,1
DA:17,1
DA:25,1
DA:26,1
DA:27,1
DA:29,1
DA:31,1
DA:32,5
DA:35,5
DA:37,5
DA:39,5
DA:40,5
DA:41,5
DA:42,5
DA:43,5
DA:46,1
DA:51,1
DA:52,1
DA:54,0
DA:63,4
LF:21
LH:20
BRDA:32,0,0,5
BRDA:35,1,0,5
BRDA:35,1,1,0
BRDA:37,2,0,3
BRDA:37,3,0,5
BRDA:37,3,1,3
BRDA:39,4,0,5
BRDA:39,4,1,3
BRDA:40,5,0,5
BRDA:40,5,1,2
BRDA:41,6,0,5
BRDA:41,6,1,0
BRDA:42,7,0,5
BRDA:42,7,1,0
BRDA:44,8,0,5
BRDA:44,8,1,2
BRF:16
BRH:13
end_of_record
TN:
SF:src/controllers/imagesController.ts
FN:9,(anonymous_8)
FN:9,(anonymous_9)
FNF:2
FNH:2
FNDA:1,(anonymous_8)
FNDA:1,(anonymous_9)
DA:2,4
DA:6,4
DA:8,4
DA:9,1
DA:10,1
DA:12,1
DA:13,1
DA:15,1
DA:18,1
DA:19,1
DA:22,1
DA:26,1
DA:27,1
DA:28,1
DA:30,0
DA:31,0
DA:36,4
LF:17
LH:15
BRDA:22,0,0,1
BRDA:22,0,1,0
BRF:2
BRH:1
end_of_record
TN:
SF:src/controllers/repositoriesController.ts
FN:10,(anonymous_8)
FN:14,(anonymous_9)
FN:36,(anonymous_10)
FN:40,(anonymous_11)
FN:62,(anonymous_12)
FN:62,(anonymous_13)
FNF:6
FNH:6
FNDA:1,(anonymous_8)
FNDA:1,(anonymous_9)
FNDA:1,(anonymous_10)
FNDA:1,(anonymous_11)
FNDA:1,(anonymous_12)
FNDA:1,(anonymous_13)
DA:2,4
DA:7,4
DA:9,4
DA:14,1
DA:15,1
DA:18,1
DA:19,1
DA:20,1
DA:21,1
DA:23,1
DA:25,1
DA:26,1
DA:28,0
DA:40,1
DA:41,1
DA:43,1
DA:44,1
DA:47,1
DA:49,1
DA:50,1
DA:51,1
DA:52,1
DA:54,0
DA:62,1
DA:63,1
DA:64,1
DA:65,1
DA:67,1
DA:72,1
DA:73,1
DA:74,1
DA:75,1
DA:77,0
DA:86,4
LF:34
LH:31
BRF:0
BRH:0
end_of_record
TN:
SF:src/controllers/scanResultsController.ts
FN:11,(anonymous_8)
FN:15,(anonymous_9)
FN:41,(anonymous_10)
FN:45,(anonymous_11)
FNF:4
FNH:2
FNDA:0,(anonymous_8)
FNDA:0,(anonymous_9)
FNDA:1,(anonymous_10)
FNDA:1,(anonymous_11)
DA:2,4
DA:8,4
DA:10,4
DA:15,0
DA:16,0
DA:18,0
DA:19,0
DA:20,0
DA:27,0
DA:29,0
DA:30,0
DA:31,0
DA:33,0
DA:45,1
DA:46,1
DA:48,1
DA:49,1
DA:52,1
DA:55,1
DA:56,1
DA:58,1
DA:62,0
DA:69,1
DA:70,1
DA:71,7
DA:75,7
DA:77,7
DA:78,7
DA:79,6
DA:81,1
DA:83,1
DA:90,0
DA:91,0
DA:98,1
DA:100,1
DA:102,0
DA:111,4
LF:37
LH:23
BRDA:58,0,0,0
BRDA:59,1,0,1
BRDA:59,1,1,1
BRDA:79,2,0,5
BRDA:81,3,0,1
BRDA:81,3,1,0
BRDA:85,4,0,1
BRDA:85,4,1,0
BRDA:90,5,0,0
BRDA:90,5,1,0
BRF:10
BRH:5
end_of_record
TN:
SF:src/models/dynamoDB.ts
FNF:0
FNH:0
DA:1,4
DA:2,4
DA:5,4
DA:10,4
DA:12,4
LF:5
LH:5
BRF:0
BRH:0
end_of_record
TN:
SF:src/routes/images.ts
FN:11,(anonymous_1)
FN:20,(anonymous_2)
FN:29,(anonymous_3)
FN:39,(anonymous_4)
FNF:4
FNH:1
FNDA:1,(anonymous_1)
FNDA:0,(anonymous_2)
FNDA:0,(anonymous_3)
FNDA:0,(anonymous_4)
DA:1,4
DA:2,4
DA:3,4
DA:5,4
DA:8,4
DA:12,1
DA:17,4
DA:21,0
DA:26,4
DA:30,0
DA:36,4
DA:40,0
DA:44,4
LF:13
LH:10
BRF:0
BRH:0
end_of_record
TN:
SF:src/routes/repositories.ts
FN:10,(anonymous_1)
FN:19,(anonymous_2)
FN:28,(anonymous_3)
FNF:3
FNH:3
FNDA:1,(anonymous_1)
FNDA:1,(anonymous_2)
FNDA:1,(anonymous_3)
DA:1,4
DA:2,4
DA:4,4
DA:7,4
DA:11,1
DA:16,4
DA:20,1
DA:25,4
DA:29,1
DA:33,4
LF:10
LH:10
BRF:0
BRH:0
end_of_record
TN:
SF:src/routes/scanResults.ts
FN:13,(anonymous_1)
FN:23,(anonymous_2)
FNF:2
FNH:1
FNDA:0,(anonymous_1)
FNDA:1,(anonymous_2)
DA:1,4
DA:2,4
DA:3,4
DA:4,4
DA:6,4
DA:9,4
DA:14,0
DA:19,4
DA:24,1
DA:28,4
LF:10
LH:9
BRF:0
BRH:0
end_of_record
TN:
SF:src/utils/awsClients.ts
FN:6,(anonymous_0)
FN:23,(anonymous_1)
FNF:2
FNH:1
FNDA:5,(anonymous_0)
FNDA:0,(anonymous_1)
DA:1,4
DA:2,4
DA:4,4
DA:7,5
DA:8,5
DA:9,5
DA:11,5
DA:12,0
DA:15,5
DA:24,0
DA:25,0
DA:26,0
DA:28,0
DA:29,0
DA:32,0
DA:42,4
LF:16
LH:9
BRDA:11,0,0,0
BRDA:11,1,0,5
BRDA:11,1,1,5
BRDA:11,1,2,5
BRDA:28,2,0,0
BRDA:28,3,0,0
BRDA:28,3,1,0
BRDA:28,3,2,0
BRF:8
BRH:3
end_of_record
